Echoer/app/build/intermediates/manifest_merge_blame_file/debug/manifest-merger-blame-debug-report.txt
1<?xml version="1.0" encoding="utf-8"?>
2<manifest xmlns:android="http://schemas.android.com/apk/res/android"
3    package="org.cert.echoer"
4    android:versionCode="1"
5    android:versionName="1.0" >
6
7    <uses-sdk
7-->src\main\AndroidManifest.xml:7:5-47
8        android:minSdkVersion="14"
8-->src\main\AndroidManifest.xml:7:5-47
9        android:targetSdkVersion="16" />
9-->src\main\AndroidManifest.xml:7:15-44
10
11    <application
11-->src\main\AndroidManifest.xml:9:5-35:15
12        android:allowBackup="true"
12-->src\main\AndroidManifest.xml:10:9-35
13        android:debuggable="true"
14        android:icon="@drawable/ic_launcher"
14-->src\main\AndroidManifest.xml:11:9-45
15        android:label="@string/app_name"
15-->src\main\AndroidManifest.xml:12:9-41
16        android:theme="@style/AppTheme" >
16-->src\main\AndroidManifest.xml:13:9-40
17        <activity
17-->src\main\AndroidManifest.xml:15:9-23:20
18            android:name="org.cert.echoer.MainActivity"
18-->src\main\AndroidManifest.xml:16:13-56
19            android:label="@string/app_name" >
19-->src\main\AndroidManifest.xml:17:13-45
20            <intent-filter>
20-->src\main\AndroidManifest.xml:18:4-22:29
21                <action android:name="android.intent.action.SEND" />
21-->src\main\AndroidManifest.xml:19:17-69
21-->src\main\AndroidManifest.xml:19:25-66
22
23                <category android:name="android.intent.category.DEFAULT" />
23-->src\main\AndroidManifest.xml:20:17-76
23-->src\main\AndroidManifest.xml:20:27-73
24
25                <data android:mimeType="text/plain" />
25-->src\main\AndroidManifest.xml:21:17-55
25-->src\main\AndroidManifest.xml:21:23-52
26            </intent-filter>
27        </activity> <!-- The Alias Activity is used simply to have a different label. -->
28        <activity-alias
28-->src\main\AndroidManifest.xml:27:9-33:20
29            android:name="org.cert.echoer.MainActivity_Alias"
29-->src\main\AndroidManifest.xml:27:25-58
30            android:label="MainActivity_VIEW"
30-->src\main\AndroidManifest.xml:27:59-92
31            android:targetActivity="org.cert.echoer.MainActivity" >
31-->src\main\AndroidManifest.xml:27:93-146
32            <intent-filter>
32-->src\main\AndroidManifest.xml:28:4-32:33
33                <action android:name="android.intent.action.VIEW" />
33-->src\main\AndroidManifest.xml:29:17-69
33-->src\main\AndroidManifest.xml:29:25-66
34
35                <category android:name="android.intent.category.DEFAULT" />
35-->src\main\AndroidManifest.xml:20:17-76
35-->src\main\AndroidManifest.xml:20:27-73
36
37                <data android:scheme="http" />
37-->src\main\AndroidManifest.xml:21:17-55
37-->src\main\AndroidManifest.xml:31:23-44
38            </intent-filter>
39        </activity-alias>
40    </application>
41
42</manifest>